This is XeTeX, Version 3.14159265-2.6-0.99992 (MiKTeX 2.9 64-bit) (preloaded format=xelatex 2017.5.23)  18 MAR 2018 18:50
entering extended mode
**C:/Users/Loïc/Downloads/Ethic_et_Num_distanciel-master/article_LaTeX/article_
ethique.tex

(C:/Users/Loïc/Downloads/Ethic_et_Num_distanciel-master/article_LaTeX/article_e
thique.tex
LaTeX2e <2015/10/01> patch level 2
Babel <3.9n> and hyphenation patterns for 69 languages loaded.
("C:\Program Files\MiKTeX 2.9\tex\latex\base\article.cls"
Document Class: article 2014/09/29 v1.4h Standard LaTeX document class
("C:\Program Files\MiKTeX 2.9\tex\latex\base\size12.clo"
File: size12.clo 2014/09/29 v1.4h Standard LaTeX file (size option)
Requested font "cmr12" at 12.0pt
)
\c@part=\count79
\c@section=\count80
\c@subsection=\count81
\c@subsubsection=\count82
\c@paragraph=\count83
\c@subparagraph=\count84
\c@figure=\count85
\c@table=\count86
\abovecaptionskip=\skip41
\belowcaptionskip=\skip42
\bibindent=\dimen102
)
("C:\Program Files\MiKTeX 2.9\tex\latex\base\inputenc.sty"
Package: inputenc 2015/03/17 v1.2c Input encoding file
\inpenc@prehook=\toks14
\inpenc@posthook=\toks15


Package inputenc Warning: inputenc package ignored with utf8 based engines.

) ("C:\Program Files\MiKTeX 2.9\tex\latex\base\fontenc.sty"
Package: fontenc 2005/09/27 v1.99g Standard LaTeX package

("C:\Program Files\MiKTeX 2.9\tex\latex\base\t1enc.def"
File: t1enc.def 2005/09/27 v1.99g Standard LaTeX file
LaTeX Font Info:    Redeclaring font encoding T1 on input line 48.
)
Requested font "ecrm1200" at 12.0pt
)
("C:\Program Files\MiKTeX 2.9\tex\generic\babel\babel.sty"
Package: babel 2016/01/08 3.9n The Babel package

*************************************
* Local config file bblopts.cfg used
*
("C:\Program Files\MiKTeX 2.9\tex\latex\00miktex\bblopts.cfg"
File: bblopts.cfg 2006/07/31 v1.0 MiKTeX 'babel' configuration
)
("C:\Program Files\MiKTeX 2.9\tex\latex\babel-french\frenchb.ldf"
Language: frenchb 2016/01/01 v3.1k French support from the babel system

("C:\Program Files\MiKTeX 2.9\tex\generic\babel\babel.def"
File: babel.def 2016/01/08 3.9n Babel common definitions
\babel@savecnt=\count87
\U@D=\dimen103

("C:\Program Files\MiKTeX 2.9\tex\generic\babel\xebabel.def"))
\l@acadian = a dialect from \language\l@french 
\l@canadien = a dialect from \language\l@french 
\FBcolonskip=\skip43
\FBthinskip=\skip44
\FB@interchartokenstateORI=\count88
Package frenchb.ldf Info: No need for active punctuation characters
(frenchb.ldf)             with this version of XeTeX!
(frenchb.ldf)             reported on input line 269.
\FB@punctthick=\XeTeXcharclass4
\FB@punctthin=\XeTeXcharclass5
\FB@punctnul=\XeTeXcharclass6
\FB@guilo=\XeTeXcharclass7
\FB@guilf=\XeTeXcharclass8
\FB@guilnul=\XeTeXcharclass9
\FBguillskip=\skip45
\FBguill@level=\count89
\FB@everypar=\toks16
\FB@Mht=\dimen104
LaTeX Info: Redefining \degres on input line 745.
\std@mcc=\count90
\dec@mcc=\count91
\listindentFB=\skip46
\labelwidthFB=\skip47
\leftmarginFB=\skip48
\parindentFFN=\dimen105
))
("C:\Program Files\MiKTeX 2.9\tex\latex\carlisle\scalefnt.sty")
("C:\Program Files\MiKTeX 2.9\tex\latex\graphics\keyval.sty"
Package: keyval 2014/10/28 v1.15 key=value parser (DPC)
\KV@toks@=\toks17
)
("C:\Program Files\MiKTeX 2.9\tex\latex\enumitem\enumitem.sty"
Package: enumitem 2011/09/28 v3.5.2 Customized lists
\labelindent=\skip49
\enit@outerparindent=\dimen106
\enit@toks=\toks18
\enit@inbox=\box26
\enitdp@description=\count92
)
("C:\Users\Loïc\AppData\Local\Programs\MiKTeX 2.9\tex\latex\url\url.sty"
\Urlmuskip=\muskip10
Package: url 2013/09/16  ver 3.4  Verb mode for urls, etc.
)
("C:\Program Files\MiKTeX 2.9\tex\latex\hyperref\hyperref.sty"
Package: hyperref 2012/11/06 v6.83m Hypertext links for LaTeX

("C:\Program Files\MiKTeX 2.9\tex\generic\oberdiek\hobsub-hyperref.sty"
Package: hobsub-hyperref 2012/04/25 v1.12 Bundle oberdiek, subset hyperref (HO)


("C:\Program Files\MiKTeX 2.9\tex\generic\oberdiek\hobsub-generic.sty"
Package: hobsub-generic 2012/04/25 v1.12 Bundle oberdiek, subset generic (HO)
Package: hobsub 2012/04/25 v1.12 Construct package bundles (HO)
Package: infwarerr 2010/04/08 v1.3 Providing info/warning/error messages (HO)
Package: ltxcmds 2011/11/09 v1.22 LaTeX kernel commands for general use (HO)
Package: ifluatex 2010/03/01 v1.3 Provides the ifluatex switch (HO)
Package ifluatex Info: LuaTeX not detected.
Package: ifvtex 2010/03/01 v1.5 Detect VTeX and its facilities (HO)
Package ifvtex Info: VTeX not detected.
Package: intcalc 2007/09/27 v1.1 Expandable calculations with integers (HO)
Package: ifpdf 2011/01/30 v2.3 Provides the ifpdf switch (HO)
Package ifpdf Info: pdfTeX in PDF mode is not detected.
Package: etexcmds 2011/02/16 v1.5 Avoid name clashes with e-TeX commands (HO)
Package etexcmds Info: Could not find \expanded.
(etexcmds)             That can mean that you are not using pdfTeX 1.50 or
(etexcmds)             that some package has redefined \expanded.
(etexcmds)             In the latter case, load this package earlier.
Package: kvsetkeys 2012/04/25 v1.16 Key value parser (HO)
Package: kvdefinekeys 2011/04/07 v1.3 Define keys (HO)
Package: pdftexcmds 2011/11/29 v0.20 Utility functions of pdfTeX for LuaTeX (HO
)
Package pdftexcmds Info: LuaTeX not detected.
Package pdftexcmds Info: pdfTeX >= 1.30 not detected.
Package pdftexcmds Info: \pdf@primitive is available.
Package pdftexcmds Info: \pdf@ifprimitive is available.
Package pdftexcmds Info: \pdfdraftmode not found.
Package: pdfescape 2011/11/25 v1.13 Implements pdfTeX's escape features (HO)
Package: bigintcalc 2012/04/08 v1.3 Expandable calculations on big integers (HO
)
Package: bitset 2011/01/30 v1.1 Handle bit-vector datatype (HO)
Package: uniquecounter 2011/01/30 v1.2 Provide unlimited unique counter (HO)
)
Package hobsub Info: Skipping package `hobsub' (already loaded).
Package: letltxmacro 2010/09/02 v1.4 Let assignment for LaTeX macros (HO)
Package: hopatch 2011/06/24 v1.1 Wrapper for package hooks (HO)
Package: xcolor-patch 2011/01/30 xcolor patch
Package: atveryend 2011/06/30 v1.8 Hooks at the very end of document (HO)
Package atveryend Info: \enddocument detected (standard20110627).
Package: atbegshi 2011/10/05 v1.16 At begin shipout hook (HO)
Package: refcount 2011/10/16 v3.4 Data extraction from label references (HO)
Package: hycolor 2011/01/30 v1.7 Color options for hyperref/bookmark (HO)
)
("C:\Program Files\MiKTeX 2.9\tex\generic\ifxetex\ifxetex.sty"
Package: ifxetex 2010/09/12 v0.6 Provides ifxetex conditional
)
("C:\Program Files\MiKTeX 2.9\tex\latex\oberdiek\auxhook.sty"
Package: auxhook 2011/03/04 v1.3 Hooks for auxiliary files (HO)
)
("C:\Program Files\MiKTeX 2.9\tex\latex\oberdiek\kvoptions.sty"
Package: kvoptions 2011/06/30 v3.11 Key value format for package options (HO)
)
\@linkdim=\dimen107
\Hy@linkcounter=\count93
\Hy@pagecounter=\count94

("C:\Program Files\MiKTeX 2.9\tex\latex\hyperref\pd1enc.def"
File: pd1enc.def 2012/11/06 v6.83m Hyperref: PDFDocEncoding definition (HO)
)
\Hy@SavedSpaceFactor=\count95

("C:\Program Files\MiKTeX 2.9\tex\latex\00miktex\hyperref.cfg"
File: hyperref.cfg 2002/06/06 v1.2 hyperref configuration of TeXLive
)
Package hyperref Info: Option `colorlinks' set `true' on input line 4319.
Package hyperref Info: Hyper figures OFF on input line 4443.
Package hyperref Info: Link nesting OFF on input line 4448.
Package hyperref Info: Hyper index ON on input line 4451.
Package hyperref Info: Plain pages OFF on input line 4458.
Package hyperref Info: Backreferencing OFF on input line 4463.
Package hyperref Info: Implicit mode ON; LaTeX internals redefined.
Package hyperref Info: Bookmarks ON on input line 4688.
\c@Hy@tempcnt=\count96
LaTeX Info: Redefining \url on input line 5041.
\XeTeXLinkMargin=\dimen108
Requested font "pzdr" at 0.00002pt
\Fld@menulength=\count97
\Field@Width=\dimen109
\Fld@charsize=\dimen110
Package hyperref Info: Hyper figures OFF on input line 6295.
Package hyperref Info: Link nesting OFF on input line 6300.
Package hyperref Info: Hyper index ON on input line 6303.
Package hyperref Info: backreferencing OFF on input line 6310.
Package hyperref Info: Link coloring ON on input line 6313.
Package hyperref Info: Link coloring with OCG OFF on input line 6320.
Package hyperref Info: PDF/A mode OFF on input line 6325.
LaTeX Info: Redefining \ref on input line 6365.
LaTeX Info: Redefining \pageref on input line 6369.
\Hy@abspage=\count98
\c@Item=\count99
\c@Hfootnote=\count100
)

Package hyperref Message: Driver (autodetected): hxetex.

("C:\Program Files\MiKTeX 2.9\tex\latex\hyperref\hxetex.def"
File: hxetex.def 2012/11/06 v6.83m Hyperref driver for XeTeX

("C:\Program Files\MiKTeX 2.9\tex\latex\hyperref\puenc.def"
File: puenc.def 2012/11/06 v6.83m Hyperref: PDF Unicode definition (HO)
)
("C:\Program Files\MiKTeX 2.9\tex\generic\oberdiek\stringenc.sty"
Package: stringenc 2011/12/02 v1.10 Convert strings between diff. encodings (HO
)
)
\pdfm@box=\box27
\c@Hy@AnnotLevel=\count101
\HyField@AnnotCount=\count102
\Fld@listcount=\count103
\c@bookmark@seq@number=\count104

("C:\Program Files\MiKTeX 2.9\tex\latex\oberdiek\rerunfilecheck.sty"
Package: rerunfilecheck 2011/04/15 v1.7 Rerun checks for auxiliary files (HO)
Package rerunfilecheck Info: Feature \pdfmdfivesum is not available
(rerunfilecheck)             (e.g. pdfTeX or LuaTeX with package `pdftexcmds').

(rerunfilecheck)             Therefore file contents cannot be checked efficien
tly
(rerunfilecheck)             and the loading of the package is aborted.
)
\Hy@SectionHShift=\skip50
)
("C:\Program Files\MiKTeX 2.9\tex\latex\fontspec\fontspec.sty"
Package: fontspec 2015/09/24 v2.4e Font selection for XeLaTeX and LuaLaTeX

("C:\Users\Loïc\AppData\Local\Programs\MiKTeX 2.9\tex\latex\l3kernel\expl3.sty"
Package: expl3 2016/01/19 v6377 L3 programming layer (loader) 

("C:\Users\Loïc\AppData\Local\Programs\MiKTeX 2.9\tex\latex\l3kernel\expl3-code
.tex"
Package: expl3 2016/01/19 v6377 L3 programming layer (code)
L3 Module: l3bootstrap 2016/01/01 v6339 L3 Bootstrap code
L3 Module: l3names 2015/12/21 v6328 L3 Namespace for primitives
L3 Module: l3basics 2015/11/22 v6315 L3 Basic definitions
L3 Module: l3expan 2015/09/10 v5983 L3 Argument expansion
L3 Module: l3tl 2015/09/29 v6121 L3 Token lists
L3 Module: l3str 2016/01/03 v6357 L3 Strings
L3 Module: l3seq 2015/08/05 v5777 L3 Sequences and stacks
L3 Module: l3int 2016/01/05 v6366 L3 Integers
\c_max_int=\count105
\l_tmpa_int=\count106
\l_tmpb_int=\count107
\g_tmpa_int=\count108
\g_tmpb_int=\count109
L3 Module: l3quark 2015/08/17 v5855 L3 Quarks
L3 Module: l3prg 2015/11/01 v6216 L3 Control structures
\g__prg_map_int=\count110
L3 Module: l3clist 2015/09/02 v5901 L3 Comma separated lists
L3 Module: l3token 2015/11/11 v6249 L3 Experimental token manipulation
L3 Module: l3prop 2016/01/05 v6366 L3 Property lists
L3 Module: l3msg 2015/09/28 v6113 L3 Messages
L3 Module: l3file 2015/12/03 v6317 L3 File and I/O operations
\l_iow_line_count_int=\count111
\l__iow_target_count_int=\count112
\l__iow_current_line_int=\count113
\l__iow_current_word_int=\count114
\l__iow_current_indentation_int=\count115
L3 Module: l3skip 2016/01/05 v6366 L3 Dimensions and skips
\c_zero_dim=\dimen111
\c_max_dim=\dimen112
\l_tmpa_dim=\dimen113
\l_tmpb_dim=\dimen114
\g_tmpa_dim=\dimen115
\g_tmpb_dim=\dimen116
\c_zero_skip=\skip51
\c_max_skip=\skip52
\l_tmpa_skip=\skip53
\l_tmpb_skip=\skip54
\g_tmpa_skip=\skip55
\g_tmpb_skip=\skip56
\c_zero_muskip=\muskip11
\c_max_muskip=\muskip12
\l_tmpa_muskip=\muskip13
\l_tmpb_muskip=\muskip14
\g_tmpa_muskip=\muskip15
\g_tmpb_muskip=\muskip16
L3 Module: l3keys 2015/11/17 v6284 L3 Key-value interfaces
\g__keyval_level_int=\count116
\l_keys_choice_int=\count117
L3 Module: l3fp 2015/08/25 v5890 L3 Floating points
\c__fp_leading_shift_int=\count118
\c__fp_middle_shift_int=\count119
\c__fp_trailing_shift_int=\count120
\c__fp_big_leading_shift_int=\count121
\c__fp_big_middle_shift_int=\count122
\c__fp_big_trailing_shift_int=\count123
\c__fp_Bigg_leading_shift_int=\count124
\c__fp_Bigg_middle_shift_int=\count125
\c__fp_Bigg_trailing_shift_int=\count126
L3 Module: l3box 2015/08/09 v5822 L3 Experimental boxes
\c_empty_box=\box28
\l_tmpa_box=\box29
\l_tmpb_box=\box30
\g_tmpa_box=\box31
\g_tmpb_box=\box32
L3 Module: l3coffins 2015/08/06 v5789 L3 Coffin code layer
\l__coffin_internal_box=\box33
\l__coffin_internal_dim=\dimen117
\l__coffin_offset_x_dim=\dimen118
\l__coffin_offset_y_dim=\dimen119
\l__coffin_x_dim=\dimen120
\l__coffin_y_dim=\dimen121
\l__coffin_x_prime_dim=\dimen122
\l__coffin_y_prime_dim=\dimen123
\c_empty_coffin=\box34
\l__coffin_aligned_coffin=\box35
\l__coffin_aligned_internal_coffin=\box36
\l_tmpa_coffin=\box37
\l_tmpb_coffin=\box38
\l__coffin_display_coffin=\box39
\l__coffin_display_coord_coffin=\box40
\l__coffin_display_pole_coffin=\box41
\l__coffin_display_offset_dim=\dimen124
\l__coffin_display_x_dim=\dimen125
\l__coffin_display_y_dim=\dimen126
L3 Module: l3color 2014/08/23 v5354 L3 Experimental color support
L3 Module: l3sys 2015/09/25 v6087 L3 Experimental system/runtime functions
L3 Module: l3candidates 2016/01/14 v6376 L3 Experimental additions to l3kernel
\l__box_top_dim=\dimen127
\l__box_bottom_dim=\dimen128
\l__box_left_dim=\dimen129
\l__box_right_dim=\dimen130
\l__box_top_new_dim=\dimen131
\l__box_bottom_new_dim=\dimen132
\l__box_left_new_dim=\dimen133
\l__box_right_new_dim=\dimen134
\l__box_internal_box=\box42
\l__coffin_bounding_shift_dim=\dimen135
\l__coffin_left_corner_dim=\dimen136
\l__coffin_right_corner_dim=\dimen137
\l__coffin_bottom_corner_dim=\dimen138
\l__coffin_top_corner_dim=\dimen139
\l__coffin_scaled_total_height_dim=\dimen140
\l__coffin_scaled_width_dim=\dimen141
L3 Module: l3luatex 2015/11/11 v6250 L3 Experimental LuaTeX-specific functions
)
("C:\Users\Loïc\AppData\Local\Programs\MiKTeX 2.9\tex\latex\l3kernel\l3xdvipdfm
x.def"
File: l3xdvidpfmx.def 2015/11/11 v6250 L3 Experimental driver: xdvipdfmx
))
("C:\Users\Loïc\AppData\Local\Programs\MiKTeX 2.9\tex\latex\l3packages\xparse\x
parse.sty"
Package: xparse 2016/01/19 v6377 L3 Experimental document command parser
\l__xparse_current_arg_int=\count127
\l__xparse_m_args_int=\count128
\l__xparse_mandatory_args_int=\count129
\l__xparse_processor_int=\count130
\l__xparse_v_nesting_int=\count131
)
\l_fontspec_script_int=\count132
\l_fontspec_language_int=\count133
\l_fontspec_strnum_int=\count134
\l__fontspec_tmpa_dim=\dimen142
\l__fontspec_tmpb_dim=\dimen143
\l__fontspec_tmpc_dim=\dimen144

("C:\Program Files\MiKTeX 2.9\tex\latex\fontspec\fontspec-patches.sty"
Package: fontspec-patches 2015/09/24 v2.4e Font selection for XeLaTeX and LuaLa
TeX
LaTeX Info: Redefining \em on input line 49.
LaTeX Info: Redefining \emph on input line 57.
LaTeX Info: Redefining \- on input line 60.
.................................................
. LaTeX info: "xparse/redefine-command"
. 
. Redefining command \oldstylenums with sig. 'm' on line 155.
.................................................
.................................................
. LaTeX info: "xparse/define-command"
. 
. Defining command \liningnums with sig. 'm' on line 159.
.................................................
)
("C:\Program Files\MiKTeX 2.9\tex\latex\fontspec\fontspec-xetex.sty"
Package: fontspec-xetex 2015/09/24 v2.4e Font selection for XeLaTeX and LuaLaTe
X

("C:\Program Files\MiKTeX 2.9\tex\latex\base\fontenc.sty"
Package: fontenc 2005/09/27 v1.99g Standard LaTeX package

("C:\Program Files\MiKTeX 2.9\tex\latex\euenc\eu1enc.def"
File: eu1enc.def 2010/05/27 v0.1h Experimental Unicode font encodings
)
LaTeX Font Info:    Try loading font information for EU1+lmr on input line 105.


("C:\Program Files\MiKTeX 2.9\tex\latex\euenc\eu1lmr.fd"
File: eu1lmr.fd 2009/10/30 v1.6 Font defs for Latin Modern
)
Requested font "[lmroman10-regular]:mapping=tex-text" at 10.0pt
 -> C:/Program Files/MiKTeX 2.9/fonts/opentype/public/lm/lmroman10-regular.otf
)
("C:\Program Files\MiKTeX 2.9\tex\xelatex\xunicode\xunicode.sty"
File: xunicode.sty 2011/09/09 v0.981 provides access to latin accents and many 
other characters in Unicode lower plane

*** you should *not* be loading the inputenc package
*** XeTeX expects the source to be in UTF8 encoding
*** some features of other encodings may conflict, resulting in poor output.
("C:\Program Files\MiKTeX 2.9\tex\latex\tipa\t3enc.def"
File: t3enc.def 2001/12/31 T3 encoding
Requested font "[lmromanslant10-regular]:mapping=tex-text" at 10.0pt
 -> C:/Program Files/MiKTeX 2.9/fonts/opentype/public/lm/lmromanslant10-regular
.otf
Requested font "[lmroman10-italic]:mapping=tex-text" at 10.0pt
 -> C:/Program Files/MiKTeX 2.9/fonts/opentype/public/lm/lmroman10-italic.otf
Requested font "[lmroman10-bold]:mapping=tex-text" at 10.0pt
 -> C:/Program Files/MiKTeX 2.9/fonts/opentype/public/lm/lmroman10-bold.otf
LaTeX Font Info:    Try loading font information for EU1+lmss on input line 357
.

("C:\Program Files\MiKTeX 2.9\tex\latex\euenc\eu1lmss.fd"
File: eu1lmss.fd 2009/10/30 v1.6 Font defs for Latin Modern
)
Requested font "[lmsans10-regular]:mapping=tex-text" at 10.0pt
 -> C:/Program Files/MiKTeX 2.9/fonts/opentype/public/lm/lmsans10-regular.otf
)
\tipaTiiicode=\count135
\tipasavetokens=\toks19
\tipachecktokens=\toks20

("C:\Program Files\MiKTeX 2.9\tex\latex\graphics\graphicx.sty"
Package: graphicx 2014/10/28 v1.0g Enhanced LaTeX Graphics (DPC,SPQR)

("C:\Program Files\MiKTeX 2.9\tex\latex\graphics\graphics.sty"
Package: graphics 2014/10/28 v1.0p Standard LaTeX Graphics (DPC,SPQR)

("C:\Program Files\MiKTeX 2.9\tex\latex\graphics\trig.sty"
Package: trig 1999/03/16 v1.09 sin cos tan (DPC)
)
("C:\Program Files\MiKTeX 2.9\tex\latex\00miktex\graphics.cfg"
File: graphics.cfg 2007/01/18 v1.5 graphics configuration of teTeX/TeXLive
)
Package graphics Info: Driver file: xetex.def on input line 94.

("C:\Program Files\MiKTeX 2.9\tex\xelatex\xetex-def\xetex.def"
File: xetex.def 2015/09/11 v4.06 LaTeX color/graphics driver for XeTeX (TeX Liv
e/RRM/JK)
))
\Gin@req@height=\dimen145
\Gin@req@width=\dimen146
))
.................................................
. LaTeX info: "xparse/define-command"
. 
. Defining command \__fontspec_post_arg:w with sig. 'mmO{}' on line 42.
.................................................
.................................................
. LaTeX info: "xparse/define-command"
. 
. Defining command \fontspec with sig. 'om' on line 44.
.................................................
.................................................
. LaTeX info: "xparse/define-command"
. 
. Defining command \setmainfont with sig. 'om' on line 54.
.................................................
.................................................
. LaTeX info: "xparse/define-command"
. 
. Defining command \setsansfont with sig. 'om' on line 64.
.................................................
.................................................
. LaTeX info: "xparse/define-command"
. 
. Defining command \setmonofont with sig. 'om' on line 74.
.................................................
.................................................
. LaTeX info: "xparse/define-command"
. 
. Defining command \setmathrm with sig. 'om' on line 88.
.................................................
.................................................
. LaTeX info: "xparse/define-command"
. 
. Defining command \setboldmathrm with sig. 'om' on line 96.
.................................................
.................................................
. LaTeX info: "xparse/define-command"
. 
. Defining command \setmathsf with sig. 'om' on line 104.
.................................................
.................................................
. LaTeX info: "xparse/define-command"
. 
. Defining command \setmathtt with sig. 'om' on line 112.
.................................................
.................................................
. LaTeX info: "xparse/define-command"
. 
. Defining command \newfontfamily with sig. 'mom' on line 126.
.................................................
.................................................
. LaTeX info: "xparse/define-command"
. 
. Defining command \newfontface with sig. 'mom' on line 141.
.................................................
.................................................
. LaTeX info: "xparse/define-command"
. 
. Defining command \defaultfontfeatures with sig. 't+om' on line 155.
.................................................
.................................................
. LaTeX info: "xparse/define-command"
. 
. Defining command \addfontfeatures with sig. 'm' on line 210.
.................................................
.................................................
. LaTeX info: "xparse/define-command"
. 
. Defining command \newfontfeature with sig. 'mm' on line 221.
.................................................
.................................................
. LaTeX info: "xparse/define-command"
. 
. Defining command \newAATfeature with sig. 'mmmm' on line 229.
.................................................
.................................................
. LaTeX info: "xparse/define-command"
. 
. Defining command \newopentypefeature with sig. 'mmm' on line 237.
.................................................
.................................................
. LaTeX info: "xparse/define-command"
. 
. Defining command \aliasfontfeature with sig. 'mm' on line 258.
.................................................
.................................................
. LaTeX info: "xparse/define-command"
. 
. Defining command \aliasfontfeatureoption with sig. 'mmm' on line 267.
.................................................
.................................................
. LaTeX info: "xparse/define-command"
. 
. Defining command \newfontscript with sig. 'mm' on line 272.
.................................................
.................................................
. LaTeX info: "xparse/define-command"
. 
. Defining command \newfontlanguage with sig. 'mm' on line 298.
.................................................
.................................................
. LaTeX info: "xparse/define-command"
. 
. Defining command \DeclareFontsExtensions with sig. 'm' on line 318.
.................................................
\l__fontspec_tmp_int=\count136
LaTeX Info: Redefining \itshape on input line 2227.
LaTeX Info: Redefining \slshape on input line 2232.
LaTeX Info: Redefining \scshape on input line 2237.
LaTeX Info: Redefining \upshape on input line 2242.

("C:\Program Files\MiKTeX 2.9\tex\latex\fontspec\fontspec.cfg")))
\g__file_internal_ior=\read1
Requested font "Times New Roman" at 10.0pt
 -> C:/Windows/Fonts/times.ttf
Requested font "Times New Roman/OT" at 10.0pt
 -> C:/Windows/Fonts/times.ttf
\g__fontspec_family_TimesNewRoman_int=\count137
Requested font "Times New Roman/BI/OT" at 10.0pt
 -> C:/Windows/Fonts/timesbi.ttf
Requested font "Times New Roman/B/OT" at 10.0pt
 -> C:/Windows/Fonts/timesbd.ttf
Requested font "Times New Roman/I/OT" at 10.0pt
 -> C:/Windows/Fonts/timesi.ttf
Requested font "[lmroman12-regular]:mapping=tex-text" at 12.0pt
 -> C:/Program Files/MiKTeX 2.9/fonts/opentype/public/lm/lmroman12-regular.otf
Requested font "Times New Roman/B/OT" at 10.0pt
 -> C:/Windows/Fonts/timesbd.ttf
Requested font "Times New Roman/B/OT" at 10.0pt
 -> C:/Windows/Fonts/timesbd.ttf
Requested font "Times New Roman/I/OT" at 10.0pt
 -> C:/Windows/Fonts/timesi.ttf
Requested font "Times New Roman/I/OT" at 10.0pt
 -> C:/Windows/Fonts/timesi.ttf
Requested font "Times New Roman/BI/OT" at 10.0pt
 -> C:/Windows/Fonts/timesbi.ttf
Requested font "Times New Roman/BI/OT" at 10.0pt
 -> C:/Windows/Fonts/timesbi.ttf
.................................................
. fontspec info: "defining-font"
. 
. Font family 'TimesNewRoman(0)' created for font 'Times New Roman' with
. options [Ligatures=TeX].
. 
. This font family consists of the following shapes:
. 
. * 'normal' with NFSS spec.:
. <->"Times New Roman/OT:script=latn;language=DFLT;mapping=tex-text;"
. 
. * 'small caps' with NFSS spec.:
. <->"Times New Roman/OT:script=latn;language=DFLT;mapping=tex-text;+smcp;"
. and font adjustment code:
. 
. 
. * 'bold' with NFSS spec.:
. <->"Times New Roman/B/OT:script=latn;language=DFLT;mapping=tex-text;"
. 
. * 'bold small caps' with NFSS spec.:
. <->"Times New Roman/B/OT:script=latn;language=DFLT;mapping=tex-text;+smcp;"
. and font adjustment code:
. 
. 
. * 'italic' with NFSS spec.:
. <->"Times New Roman/I/OT:script=latn;language=DFLT;mapping=tex-text;"
. 
. * 'small caps' with NFSS spec.:
. <->"Times New Roman/I/OT:script=latn;language=DFLT;mapping=tex-text;+smcp;"
. and font adjustment code:
. 
. 
. * 'bold italic' with NFSS spec.:
. <->"Times New Roman/BI/OT:script=latn;language=DFLT;mapping=tex-text;"
. 
. * 'bold small caps' with NFSS spec.:
. <->"Times New Roman/BI/OT:script=latn;language=DFLT;mapping=tex-text;+smcp;"
. and font adjustment code:
. 
.................................................
Requested font "Times New Roman/OT:script=latn;language=DFLT;mapping=tex-text;"
 at 10.0pt
 -> C:/Windows/Fonts/times.ttf

("C:\Program Files\MiKTeX 2.9\tex\latex\geometry\geometry.sty"
Package: geometry 2010/09/12 v5.6 Page Geometry
\Gm@cnth=\count138
\Gm@cntv=\count139
\c@Gm@tempcnt=\count140
\Gm@bindingoffset=\dimen147
\Gm@wd@mp=\dimen148
\Gm@odd@mp=\dimen149
\Gm@even@mp=\dimen150
\Gm@layoutwidth=\dimen151
\Gm@layoutheight=\dimen152
\Gm@layouthoffset=\dimen153
\Gm@layoutvoffset=\dimen154
\Gm@dimlist=\toks21

("C:\Program Files\MiKTeX 2.9\tex\xelatex\xetexconfig\geometry.cfg"))
("C:\Program Files\MiKTeX 2.9\tex\latex\wallpaper\wallpaper.sty"
Package: wallpaper 2005/01/18, v1.01 easy wallpaper formatting (MHFW)

("C:\Program Files\MiKTeX 2.9\tex\latex\base\ifthen.sty"
Package: ifthen 2014/09/29 v1.1c Standard LaTeX ifthen package (DPC)
)
("C:\Program Files\MiKTeX 2.9\tex\latex\tools\calc.sty"
Package: calc 2014/10/28 v4.3 Infix arithmetic (KKT,FJ)
\calc@Acount=\count141
\calc@Bcount=\count142
\calc@Adimen=\dimen155
\calc@Bdimen=\dimen156
\calc@Askip=\skip57
\calc@Bskip=\skip58
LaTeX Info: Redefining \setlength on input line 80.
LaTeX Info: Redefining \addtolength on input line 81.
\calc@Ccount=\count143
\calc@Cskip=\skip59
)
("C:\Program Files\MiKTeX 2.9\tex\latex\eso-pic\eso-pic.sty"
Package: eso-pic 2015/07/21 v2.0g eso-pic (RN)

("C:\Users\Loïc\AppData\Local\Programs\MiKTeX 2.9\tex\latex\xcolor\xcolor.sty"
Package: xcolor 2007/01/21 v2.11 LaTeX color extensions (UK)

("C:\Program Files\MiKTeX 2.9\tex\latex\00miktex\color.cfg"
File: color.cfg 2007/01/18 v1.5 color configuration of teTeX/TeXLive
)
Package xcolor Info: Driver file: xetex.def on input line 225.
Package xcolor Info: Model `cmy' substituted by `cmy0' on input line 1337.
Package xcolor Info: Model `RGB' extended on input line 1353.
Package xcolor Info: Model `HTML' substituted by `rgb' on input line 1355.
Package xcolor Info: Model `Hsb' substituted by `hsb' on input line 1356.
Package xcolor Info: Model `tHsb' substituted by `hsb' on input line 1357.
Package xcolor Info: Model `HSB' substituted by `hsb' on input line 1358.
Package xcolor Info: Model `Gray' substituted by `gray' on input line 1359.
Package xcolor Info: Model `wave' substituted by `hsb' on input line 1360.
))
\wpXoffset=\skip60
\wpYoffset=\skip61
\tileXoffset=\skip62
\tileYoffset=\skip63
\tilewidth=\skip64
\tileheight=\skip65
\tileX=\skip66
\tileY=\skip67
)
(article_ethique.aux)
\openout1 = `article_ethique.aux'.

LaTeX Font Info:    Checking defaults for OML/cmm/m/it on input line 25.
LaTeX Font Info:    ... okay on input line 25.
LaTeX Font Info:    Checking defaults for T1/cmr/m/n on input line 25.
LaTeX Font Info:    ... okay on input line 25.
LaTeX Font Info:    Checking defaults for OT1/cmr/m/n on input line 25.
LaTeX Font Info:    ... okay on input line 25.
LaTeX Font Info:    Checking defaults for OMS/cmsy/m/n on input line 25.
LaTeX Font Info:    ... okay on input line 25.
LaTeX Font Info:    Checking defaults for OMX/cmex/m/n on input line 25.
LaTeX Font Info:    ... okay on input line 25.
LaTeX Font Info:    Checking defaults for U/cmr/m/n on input line 25.
LaTeX Font Info:    ... okay on input line 25.
LaTeX Font Info:    Checking defaults for PD1/pdf/m/n on input line 25.
LaTeX Font Info:    ... okay on input line 25.
LaTeX Font Info:    Checking defaults for PU/pdf/m/n on input line 25.
LaTeX Font Info:    ... okay on input line 25.
LaTeX Font Info:    Checking defaults for EU1/lmr/m/n on input line 25.
LaTeX Font Info:    ... okay on input line 25.
LaTeX Font Info:    Checking defaults for T3/cmr/m/n on input line 25.
LaTeX Font Info:    Try loading font information for T3+cmr on input line 25.
 ("C:\Program Files\MiKTeX 2.9\tex\latex\tipa\t3cmr.fd"
File: t3cmr.fd 2001/12/31 TIPA font definitions
)
LaTeX Font Info:    ... okay on input line 25.
Requested font "Times New Roman/OT:script=latn;language=DFLT;mapping=tex-text;"
 at 12.0pt
 -> C:/Windows/Fonts/times.ttf
LaTeX Info: Redefining \dots on input line 25.
Package frenchb.ldf Info: Setting StandardItemizeEnv=true for
(frenchb.ldf)             compatibility with enumitem package,
(frenchb.ldf)              on input line 25.
Package frenchb.ldf Info: Setting StandardEnumerateEnv=true for
(frenchb.ldf)             compatibility with enumitem package,
(frenchb.ldf)              on input line 25.
LaTeX Info: Redefining \up on input line 25.
\AtBeginShipoutBox=\box43
Package hyperref Info: Link coloring ON on input line 25.

("C:\Program Files\MiKTeX 2.9\tex\latex\hyperref\nameref.sty"
Package: nameref 2012/10/27 v2.43 Cross-referencing by name of section

("C:\Program Files\MiKTeX 2.9\tex\generic\oberdiek\gettitlestring.sty"
Package: gettitlestring 2010/12/03 v1.4 Cleanup title references (HO)
)
\c@section@level=\count144
)
LaTeX Info: Redefining \ref on input line 25.
LaTeX Info: Redefining \pageref on input line 25.
LaTeX Info: Redefining \nameref on input line 25.

(article_ethique.out) (article_ethique.out)
\@outlinefile=\write3
\openout3 = `article_ethique.out'.


*** you should *not* be loading the inputenc package
*** XeTeX expects the source to be in UTF8 encoding
*** some features of other encodings may conflict, resulting in poor output.
.................................................
. fontspec info: "setup-math"
. 
. Adjusting the maths setup (use [no-math] to avoid this).
.................................................
\symlegacymaths=\mathgroup4
LaTeX Font Info:    Overwriting symbol font `legacymaths' in version `bold'
(Font)                  OT1/cmr/m/n --> OT1/cmr/bx/n on input line 25.
LaTeX Font Info:    Redeclaring math accent \acute on input line 25.
LaTeX Font Info:    Redeclaring math accent \grave on input line 25.
LaTeX Font Info:    Redeclaring math accent \ddot on input line 25.
LaTeX Font Info:    Redeclaring math accent \tilde on input line 25.
LaTeX Font Info:    Redeclaring math accent \bar on input line 25.
LaTeX Font Info:    Redeclaring math accent \breve on input line 25.
LaTeX Font Info:    Redeclaring math accent \check on input line 25.
LaTeX Font Info:    Redeclaring math accent \hat on input line 25.
LaTeX Font Info:    Redeclaring math accent \dot on input line 25.
LaTeX Font Info:    Redeclaring math accent \mathring on input line 25.
LaTeX Font Info:    Redeclaring math symbol \colon on input line 25.
LaTeX Font Info:    Redeclaring math symbol \Gamma on input line 25.
LaTeX Font Info:    Redeclaring math symbol \Delta on input line 25.
LaTeX Font Info:    Redeclaring math symbol \Theta on input line 25.
LaTeX Font Info:    Redeclaring math symbol \Lambda on input line 25.
LaTeX Font Info:    Redeclaring math symbol \Xi on input line 25.
LaTeX Font Info:    Redeclaring math symbol \Pi on input line 25.
LaTeX Font Info:    Redeclaring math symbol \Sigma on input line 25.
LaTeX Font Info:    Redeclaring math symbol \Upsilon on input line 25.
LaTeX Font Info:    Redeclaring math symbol \Phi on input line 25.
LaTeX Font Info:    Redeclaring math symbol \Psi on input line 25.
LaTeX Font Info:    Redeclaring math symbol \Omega on input line 25.
LaTeX Font Info:    Redeclaring math symbol \mathdollar on input line 25.
LaTeX Font Info:    Redeclaring symbol font `operators' on input line 25.
LaTeX Font Info:    Encoding `OT1' has changed to `EU1' for symbol font
(Font)              `operators' in the math version `normal' on input line 25.
LaTeX Font Info:    Overwriting symbol font `operators' in version `normal'
(Font)                  OT1/cmr/m/n --> EU1/TimesNewRoman(0)/m/n on input line 
25.
LaTeX Font Info:    Encoding `OT1' has changed to `EU1' for symbol font
(Font)              `operators' in the math version `bold' on input line 25.
LaTeX Font Info:    Overwriting symbol font `operators' in version `bold'
(Font)                  OT1/cmr/bx/n --> EU1/TimesNewRoman(0)/m/n on input line
 25.
LaTeX Font Info:    Overwriting symbol font `operators' in version `normal'
(Font)                  EU1/TimesNewRoman(0)/m/n --> EU1/TimesNewRoman(0)/m/n o
n input line 25.
LaTeX Font Info:    Overwriting math alphabet `\mathit' in version `normal'
(Font)                  OT1/cmr/m/it --> EU1/TimesNewRoman(0)/m/it on input lin
e 25.
LaTeX Font Info:    Overwriting math alphabet `\mathbf' in version `normal'
(Font)                  OT1/cmr/bx/n --> EU1/TimesNewRoman(0)/bx/n on input lin
e 25.
LaTeX Font Info:    Overwriting math alphabet `\mathsf' in version `normal'
(Font)                  OT1/cmss/m/n --> EU1/lmss/m/n on input line 25.
LaTeX Font Info:    Overwriting math alphabet `\mathtt' in version `normal'
(Font)                  OT1/cmtt/m/n --> EU1/lmtt/m/n on input line 25.
LaTeX Font Info:    Overwriting symbol font `operators' in version `bold'
(Font)                  EU1/TimesNewRoman(0)/m/n --> EU1/TimesNewRoman(0)/bx/n 
on input line 25.
LaTeX Font Info:    Overwriting math alphabet `\mathit' in version `bold'
(Font)                  OT1/cmr/bx/it --> EU1/TimesNewRoman(0)/bx/it on input l
ine 25.
LaTeX Font Info:    Overwriting math alphabet `\mathsf' in version `bold'
(Font)                  OT1/cmss/bx/n --> EU1/lmss/bx/n on input line 25.
LaTeX Font Info:    Overwriting math alphabet `\mathtt' in version `bold'
(Font)                  OT1/cmtt/m/n --> EU1/lmtt/bx/n on input line 25.
*geometry* detected driver: pdftex
*geometry* verbose mode - [ preamble ] result:
* driver: pdftex
* paper: a4paper
* layout: <same size as paper>
* layoutoffset:(h,v)=(0.0pt,0.0pt)
* modes: 
* h-part:(L,W,R)=(89.62709pt, 418.25368pt, 89.6271pt)
* v-part:(T,H,B)=(101.40665pt, 591.5302pt, 152.11pt)
* \paperwidth=597.50787pt
* \paperheight=845.04684pt
* \textwidth=418.25368pt
* \textheight=591.5302pt
* \oddsidemargin=17.3571pt
* \evensidemargin=17.3571pt
* \topmargin=-7.86334pt
* \headheight=12.0pt
* \headsep=25.0pt
* \topskip=12.0pt
* \footskip=30.0pt
* \marginparwidth=4.0pt
* \marginparsep=10.0pt
* \columnsep=10.0pt
* \skip\footins=10.8pt plus 4.0pt minus 2.0pt
* \hoffset=0.0pt
* \voffset=0.0pt
* \mag=1000
* \@twocolumntrue
* \@twosidefalse
* \@mparswitchfalse
* \@reversemarginfalse
* (1in=72.27pt=25.4mm, 1cm=28.453pt)

Requested font "Times New Roman/OT:script=latn;language=DFLT;mapping=tex-text;"
 at 20.74pt
 -> C:/Windows/Fonts/times.ttf
Requested font "Times New Roman/OT:script=latn;language=DFLT;mapping=tex-text;"
 at 24.88pt
 -> C:/Windows/Fonts/times.ttf
Requested font "Times New Roman/B/OT:script=latn;language=DFLT;mapping=tex-text
;" at 24.88pt
 -> C:/Windows/Fonts/timesbd.ttf
Requested font "Times New Roman/B/OT:script=latn;language=DFLT;mapping=tex-text
;" at 12.0pt
 -> C:/Windows/Fonts/timesbd.ttf
Requested font "Times New Roman/OT:script=latn;language=DFLT;mapping=tex-text;"
 at 14.4pt
 -> C:/Windows/Fonts/times.ttf
Requested font "Times New Roman/OT:script=latn;language=DFLT;mapping=tex-text;"
 at 7.0pt
 -> C:/Windows/Fonts/times.ttf
Requested font "cmmi12" at 14.4pt
Requested font "cmsy10" at 14.4pt
LaTeX Font Info:    External font `cmex10' loaded for size
(Font)              <14.4> on input line 28.
LaTeX Font Info:    External font `cmex10' loaded for size
(Font)              <7> on input line 28.
Requested font "cmr12" at 14.4pt

LaTeX Warning: No \author given.

Requested font "Times New Roman/OT:script=latn;language=DFLT;mapping=tex-text;"
 at 10.95pt
 -> C:/Windows/Fonts/times.ttf
Requested font "Times New Roman/OT:script=latn;language=DFLT;mapping=tex-text;"
 at 17.28pt
 -> C:/Windows/Fonts/times.ttf
Requested font "Times New Roman/B/OT:script=latn;language=DFLT;mapping=tex-text
;" at 17.28pt
 -> C:/Windows/Fonts/timesbd.ttf

Underfull \hbox (badness 1270) in paragraph at lines 31--32
\EU1/TimesNewRoman(0)/m/n/12 ponse plutôt que de se déplacer ou de
 []

(article_ethique.toc
Underfull \hbox (badness 7888) in paragraph at lines 3--3
 [] [][][]\EU1/TimesNewRoman(0)/bx/n/12 La consommation énergétique 
 []

Requested font "Times New Roman/OT:script=latn;language=DFLT;mapping=tex-text;"
 at 8.0pt
 -> C:/Windows/Fonts/times.ttf
Requested font "Times New Roman/OT:script=latn;language=DFLT;mapping=tex-text;"
 at 6.0pt
 -> C:/Windows/Fonts/times.ttf
Requested font "cmmi12" at 12.0pt
Requested font "cmmi8" at 8.0pt
Requested font "cmmi6" at 6.0pt
Requested font "cmsy10" at 12.0pt
Requested font "cmsy8" at 8.0pt
Requested font "cmsy6" at 6.0pt
LaTeX Font Info:    External font `cmex10' loaded for size
(Font)              <12> on input line 5.
LaTeX Font Info:    External font `cmex10' loaded for size
(Font)              <8> on input line 5.
LaTeX Font Info:    External font `cmex10' loaded for size
(Font)              <6> on input line 5.
Requested font "cmr8" at 8.0pt
Requested font "cmr6" at 6.0pt

Underfull \hbox (badness 1728) in paragraph at lines 9--9
 [] [][][]\EU1/TimesNewRoman(0)/bx/n/12 Comment rendre internet plus 
 []

)
\tf@toc=\write4
\openout4 = `article_ethique.toc'.

 ("C:\Program Files\MiKTeX 2.9\tex\generic\oberdiek\se-ascii-print.def"
File: se-ascii-print.def 2011/12/02 v1.10 stringenc: Printable ASCII characters

)
File: picture/univNantes.png Graphic file (type QTm)

<use  "picture/univNantes.png" > [1


]
Underfull \hbox (badness 3724) in paragraph at lines 45--46
\EU1/TimesNewRoman(0)/m/n/12 sur l’un des effets négatifs d’internet,
 []


Underfull \hbox (badness 2726) in paragraph at lines 45--46
\EU1/TimesNewRoman(0)/m/n/12 à savoir sa consommation énergétique.
 []


Underfull \hbox (badness 1681) in paragraph at lines 45--46
\EU1/TimesNewRoman(0)/m/n/12 de quelques chiffres pour aller un peu
 []


Underfull \hbox (badness 3780) in paragraph at lines 45--46
\EU1/TimesNewRoman(0)/m/n/12 plus en profondeur et comprendre les
 []


Underfull \hbox (badness 10000) in paragraph at lines 45--46
\EU1/TimesNewRoman(0)/m/n/12 la consommation énergétique actuelle
 []


Underfull \hbox (badness 1199) in paragraph at lines 45--46
\EU1/TimesNewRoman(0)/m/n/12 cherons ensuite à savoir pourquoi cette
 []


Underfull \hbox (badness 10000) in paragraph at lines 45--46
\EU1/TimesNewRoman(0)/m/n/12 consommation est croissante et quel
 []


Underfull \hbox (badness 1418) in paragraph at lines 45--46
\EU1/TimesNewRoman(0)/m/n/12 d’internet là dedans. Nous serons alors
 []


Underfull \hbox (badness 1152) in paragraph at lines 45--46
\EU1/TimesNewRoman(0)/m/n/12 qu’entraîne l’utilisation d’internet. Nous
 []


Underfull \hbox (badness 1603) in paragraph at lines 45--46
\EU1/TimesNewRoman(0)/m/n/12 pas entièrement noir, en effet certaines
 []


Underfull \hbox (badness 6016) in paragraph at lines 45--46
\EU1/TimesNewRoman(0)/m/n/12 entreprises ont entamé une révolution
 []


Underfull \hbox (badness 10000) in paragraph at lines 45--46
\EU1/TimesNewRoman(0)/m/n/12 “verte”. Enfin, nous discuterons des
 []


Underfull \hbox (badness 1132) in paragraph at lines 45--46
\EU1/TimesNewRoman(0)/m/n/12 diverses possibilités aujourd’hui en dis-
 []


Underfull \hbox (badness 10000) in paragraph at lines 45--46

 []


Underfull \hbox (badness 10000) in paragraph at lines 49--50
[]\EU1/TimesNewRoman(0)/m/n/12 Tous les 4 ans, la consommation
 []


Underfull \hbox (badness 10000) in paragraph at lines 49--50
\EU1/TimesNewRoman(0)/m/n/12 énergétique d’internet double. En ce
 []


Underfull \hbox (badness 10000) in paragraph at lines 49--50
\EU1/TimesNewRoman(0)/m/n/12 informatique a différentes sources, à
 []


Underfull \hbox (badness 5696) in paragraph at lines 49--50
\EU1/TimesNewRoman(0)/m/n/12 savoir l’énergie nucléaire, le charbon,
 []


Underfull \hbox (badness 1184) in paragraph at lines 49--50
\EU1/TimesNewRoman(0)/m/n/12 autres par des lignes en fibre optique).
 []


Underfull \hbox (badness 2790) in paragraph at lines 49--50
\EU1/TimesNewRoman(0)/m/n/12 D’après les estimations de Greenpeace
 []


Underfull \hbox (badness 1502) in paragraph at lines 49--50
\EU1/TimesNewRoman(0)/m/n/12 (une ONGI de protection de l’environ-
 []


Underfull \hbox (badness 1242) in paragraph at lines 49--50
\EU1/TimesNewRoman(0)/m/n/12 pourrait tripler ce qui aurait un impact
 []


Underfull \hbox (badness 2343) in paragraph at lines 49--50
\EU1/TimesNewRoman(0)/m/n/12 important sur notre environnement [[]].
 []


Underfull \hbox (badness 3780) in paragraph at lines 49--50
\EU1/TimesNewRoman(0)/m/n/12 Selon un chercheur de l’université de
 []


Underfull \hbox (badness 3482) in paragraph at lines 49--50
\EU1/TimesNewRoman(0)/m/n/12 à la consommation mondiale de 2008
 []


Underfull \hbox (badness 10000) in paragraph at lines 49--50

 []


Underfull \vbox (badness 10000) has occurred while \output is active []

 [2]
File: picture/diagCamenbert.png Graphic file (type QTm)

<use  "picture/diagCamenbert.png" >
Requested font "Times New Roman/OT:script=latn;language=DFLT;mapping=tex-text;+
smcp;" at 12.0pt
 -> C:/Windows/Fonts/times.ttf

Underfull \hbox (badness 3525) in paragraph at lines 61--62
[]\EU1/TimesNewRoman(0)/m/n/12 La consommation des infrastructures
 []


Underfull \hbox (badness 1237) in paragraph at lines 61--62
\EU1/TimesNewRoman(0)/m/n/12 4G pour les ordiphones et les tablettes
 []


Underfull \hbox (badness 3849) in paragraph at lines 61--62
\EU1/TimesNewRoman(0)/m/n/12 à travers les offres proposées par les
 []


Underfull \hbox (badness 10000) in paragraph at lines 61--62

 []


Underfull \hbox (badness 2150) in paragraph at lines 63--64
\EU1/TimesNewRoman(0)/m/n/12 plique par l’augmentation exponentielle
 []


Underfull \hbox (badness 1199) in paragraph at lines 63--64
\EU1/TimesNewRoman(0)/m/n/12 des différentes applications (mobile no-
 []


Underfull \hbox (badness 1590) in paragraph at lines 67--68
\EU1/TimesNewRoman(0)/m/n/12 l’ajout d’une pièce jointe par exemple.
 []

[3]
Requested font "Times New Roman/B/OT:script=latn;language=DFLT;mapping=tex-text
;" at 14.4pt
 -> C:/Windows/Fonts/timesbd.ttf

Underfull \hbox (badness 4378) in paragraph at lines 71--72
[]\EU1/TimesNewRoman(0)/m/n/12 En ce qui concerne les entreprises,
 []


Underfull \hbox (badness 2644) in paragraph at lines 71--72
\EU1/TimesNewRoman(0)/m/n/12 la consommation énergétique d’internet
 []


Underfull \hbox (badness 2626) in paragraph at lines 71--72
\EU1/TimesNewRoman(0)/m/n/12 par les entreprises aujourd’hui. Devant
 []


Underfull \hbox (badness 1661) in paragraph at lines 71--72
\EU1/TimesNewRoman(0)/m/n/12 entreprises ont deux possibilités : elles
 []


Underfull \hbox (badness 3078) in paragraph at lines 71--72
\EU1/TimesNewRoman(0)/m/n/12 peuvent soit passer par un prestataire,
 []


Underfull \hbox (badness 10000) in paragraph at lines 71--72

 []


Underfull \hbox (badness 6725) in paragraph at lines 73--74
\EU1/TimesNewRoman(0)/m/n/12 numérique hébergeant des milliers de
 []


Underfull \hbox (badness 2469) in paragraph at lines 73--74
\EU1/TimesNewRoman(0)/m/n/12 soient alimentés en électricité sans in-
 []


Underfull \hbox (badness 1577) in paragraph at lines 73--74
\EU1/TimesNewRoman(0)/m/n/12 données. Ce qui impose une climatisa-
 []


Underfull \hbox (badness 10000) in paragraph at lines 73--74
\EU1/TimesNewRoman(0)/m/n/12 climatisation qui augmente encore la
 []


Underfull \hbox (badness 7326) in paragraph at lines 73--74
\EU1/TimesNewRoman(0)/m/n/12 consommation d’électricité. Pour vous
 []


Underfull \hbox (badness 10000) in paragraph at lines 73--74

 []


Underfull \hbox (badness 1817) in paragraph at lines 75--76
[]\EU1/TimesNewRoman(0)/m/n/12 La prolifération de l’informatique en
 []


Underfull \hbox (badness 10000) in paragraph at lines 75--76
\EU1/TimesNewRoman(0)/m/n/12 coûts d’exploitation élevés. Mais ces
 []


Underfull \hbox (badness 3108) in paragraph at lines 75--76
\EU1/TimesNewRoman(0)/m/n/12 centres de données rejettent également
 []


Underfull \hbox (badness 1939) in paragraph at lines 75--76
\EU1/TimesNewRoman(0)/m/n/12 entre autres, des émissions de dioxyde
 []


Underfull \hbox (badness 10000) in paragraph at lines 75--76

 []


Underfull \hbox (badness 2884) in paragraph at lines 81--82
\EU1/TimesNewRoman(0)/m/n/12 la quantité d’énergie utilisée augmente
 []


Underfull \hbox (badness 6078) in paragraph at lines 81--82
\EU1/TimesNewRoman(0)/m/n/12 explosive des besoins en services. A
 []


Underfull \hbox (badness 1365) in paragraph at lines 81--82
\EU1/TimesNewRoman(0)/m/n/12 en plus élevée des usagers qui veulent
 []


Underfull \hbox (badness 4328) in paragraph at lines 81--82
\EU1/TimesNewRoman(0)/m/n/12 d’énergie de l’équipement utilisé pour
 []


Underfull \hbox (badness 10000) in paragraph at lines 81--82
\EU1/TimesNewRoman(0)/m/n/12 y accéder augmentera nécessairement.
 []


Underfull \hbox (badness 1354) in paragraph at lines 81--82
\EU1/TimesNewRoman(0)/m/n/12 d’un réacteur nucléaire juste pour faire
 []


Underfull \hbox (badness 10000) in paragraph at lines 81--82

 []

[4]
Underfull \hbox (badness 1424) in paragraph at lines 83--84
\EU1/TimesNewRoman(0)/m/n/12 définition, ce qui n’était pas forcément
 []


Underfull \hbox (badness 4328) in paragraph at lines 95--96
[]\EU1/TimesNewRoman(0)/m/n/12 Nous constatons donc une tendance
 []

[5]
Underfull \hbox (badness 7576) in paragraph at lines 100--101
[]\EU1/TimesNewRoman(0)/m/n/12 Comment mentionné plus haut, les
 []


Underfull \hbox (badness 1953) in paragraph at lines 100--101
\EU1/TimesNewRoman(0)/m/n/12 de responsabilité dans l’hyper consom-
 []


Underfull \hbox (badness 10000) in paragraph at lines 100--101
\EU1/TimesNewRoman(0)/m/n/12 mation énergétique d’internet. Toute
 []


Underfull \hbox (badness 1701) in paragraph at lines 100--101
\EU1/TimesNewRoman(0)/m/n/12 à leur besoin à tous moments, comme
 []


Underfull \hbox (badness 2856) in paragraph at lines 100--101
\EU1/TimesNewRoman(0)/m/n/12 pour envoyer un mèl par exemple ou
 []


Underfull \hbox (badness 4940) in paragraph at lines 100--101
\EU1/TimesNewRoman(0)/m/n/12 consulter un site, faire une recherche
 []


Underfull \hbox (badness 1072) in paragraph at lines 100--101
\EU1/TimesNewRoman(0)/m/n/12 cet équipement est en général connecté
 []


Underfull \hbox (badness 2961) in paragraph at lines 100--101
\EU1/TimesNewRoman(0)/m/n/12 à internet, rare sont les personnes les
 []


Underfull \hbox (badness 10000) in paragraph at lines 100--101

 []


Underfull \hbox (badness 1072) in paragraph at lines 102--103
\EU1/TimesNewRoman(0)/m/n/12 pièce jointe, il est estimé par l’Agence
 []


Underfull \hbox (badness 1635) in paragraph at lines 102--103
\EU1/TimesNewRoman(0)/m/n/12 l’énergie (Ademe) à approximativement
 []


Underfull \hbox (badness 1490) in paragraph at lines 102--103
\EU1/TimesNewRoman(0)/m/n/12 5wh et celui d’un mèl avec une pièce
 []


Underfull \hbox (badness 1755) in paragraph at lines 102--103
\EU1/TimesNewRoman(0)/m/n/12 ampoule de basse consommation. A la
 []


Underfull \hbox (badness 2781) in paragraph at lines 102--103
\EU1/TimesNewRoman(0)/m/n/12 première approche nous pourrions dire
 []


Underfull \hbox (badness 1297) in paragraph at lines 102--103
\EU1/TimesNewRoman(0)/m/n/12 si nous passons à l’échelle, en prenant
 []


Underfull \hbox (badness 2277) in paragraph at lines 102--103
\EU1/TimesNewRoman(0)/m/n/12 en compte le nombre de mèls envoyé
 []


Underfull \hbox (badness 1320) in paragraph at lines 102--103
\EU1/TimesNewRoman(0)/m/n/12 correspondant au fonctionnement de 15
 []


Underfull \hbox (badness 3108) in paragraph at lines 102--103
\EU1/TimesNewRoman(0)/m/n/12 centrales nucléaires pendant une heure
 []


Underfull \hbox (badness 10000) in paragraph at lines 102--103

 []


Underfull \hbox (badness 10000) in paragraph at lines 104--105

 []


Underfull \hbox (badness 1112) in paragraph at lines 106--107
[]\EU1/TimesNewRoman(0)/m/n/12 A cela s’ajoute l’utilisation des ordi-
 []


Underfull \hbox (badness 10000) in paragraph at lines 106--107

 []


Underfull \hbox (badness 1158) in paragraph at lines 108--109
[]\EU1/TimesNewRoman(0)/m/n/12 En ce qui concerne les usagers, il y
 []


Underfull \hbox (badness 2495) in paragraph at lines 108--109
\EU1/TimesNewRoman(0)/m/n/12 a un autre fait à étudier. En effet, la
 []


Underfull \hbox (badness 1077) in paragraph at lines 108--109
\EU1/TimesNewRoman(0)/m/n/12 fin d’année 2017 a été marquée par la
 []


Underfull \hbox (badness 6741) in paragraph at lines 108--109
\EU1/TimesNewRoman(0)/m/n/12 fulgurante hausse de la valeur d’une
 []


Underfull \hbox (badness 1701) in paragraph at lines 108--109
\EU1/TimesNewRoman(0)/m/n/12 Bitcoin, qui s’obtient par un calcul de
 []


Underfull \hbox (badness 10000) in paragraph at lines 108--109
\EU1/TimesNewRoman(0)/m/n/12 la preuve cryptographique. Autrement
 []


Underfull \hbox (badness 1776) in paragraph at lines 108--109
\EU1/TimesNewRoman(0)/m/n/12 dit par du minage (mining en anglais)
 []


Underfull \hbox (badness 3250) in paragraph at lines 108--109
\EU1/TimesNewRoman(0)/m/n/12 de Bitcoin, qui peut être effectué par
 []


Underfull \hbox (badness 1067) in paragraph at lines 108--109
\EU1/TimesNewRoman(0)/m/n/12 interconnectés, représentant la ferme de
 []


Underfull \hbox (badness 2368) in paragraph at lines 108--109
\EU1/TimesNewRoman(0)/m/n/12 minage. La récompense pour le calcul
 []


Underfull \hbox (badness 1953) in paragraph at lines 108--109
\EU1/TimesNewRoman(0)/m/n/12 autres. Cette récompense dépend de la
 []


Underfull \hbox (badness 2941) in paragraph at lines 108--109
\EU1/TimesNewRoman(0)/m/n/12 d’un Bitcoin correspond à la consom-
 []


Underfull \hbox (badness 1953) in paragraph at lines 108--109
\EU1/TimesNewRoman(0)/m/n/12 Cela nous donne approximativement la
 []


Underfull \hbox (badness 1924) in paragraph at lines 108--109
\EU1/TimesNewRoman(0)/m/n/12 consommation énergétique annuelle des
 []


Underfull \hbox (badness 10000) in paragraph at lines 108--109

 []


Underfull \vbox (badness 10000) has occurred while \output is active []

 [6]
Underfull \hbox (badness 2111) in paragraph at lines 110--111
\EU1/TimesNewRoman(0)/m/n/12 chiffres ne son représentatifs que pour
 []


Underfull \hbox (badness 3769) in paragraph at lines 110--111
\EU1/TimesNewRoman(0)/m/n/12 moins populaire mais qui sont basées
 []


Underfull \hbox (badness 7685) in paragraph at lines 110--111
\EU1/TimesNewRoman(0)/m/n/12 des mineurs peuvent être considérées
 []


Underfull \hbox (badness 4084) in paragraph at lines 110--111
\EU1/TimesNewRoman(0)/m/n/12 comme des centres de données situés
 []


Underfull \hbox (badness 4595) in paragraph at lines 110--111
\EU1/TimesNewRoman(0)/m/n/12 liés aux crypto-monnaies partout dans
 []


Underfull \hbox (badness 2582) in paragraph at lines 110--111
\EU1/TimesNewRoman(0)/m/n/12 le monde. Ces facteurs alourdissent la
 []


Underfull \hbox (badness 3525) in paragraph at lines 110--111
\EU1/TimesNewRoman(0)/m/n/12 facture énergétique mondiale d’internet
 []


Underfull \hbox (badness 10000) in paragraph at lines 110--111
\EU1/TimesNewRoman(0)/m/n/12 car la consommation énergétique des
 []


Underfull \hbox (badness 1728) in paragraph at lines 110--111
\EU1/TimesNewRoman(0)/m/n/12 toute la production électrique mondiale
 []


Underfull \hbox (badness 10000) in paragraph at lines 110--111

 []


Underfull \vbox (badness 10000) has occurred while \output is active []


Underfull \hbox (badness 3601) in paragraph at lines 112--113
\EU1/TimesNewRoman(0)/m/n/12 notre disposition des services, souvent
 []


Underfull \hbox (badness 2781) in paragraph at lines 116--117
\EU1/TimesNewRoman(0)/m/n/12 il a besoin d’une alimentation énergé-
 []


Underfull \hbox (badness 3601) in paragraph at lines 116--117
\EU1/TimesNewRoman(0)/m/n/12 tique continue. Cette alimentation doit
 []


Underfull \hbox (badness 1824) in paragraph at lines 116--117
\EU1/TimesNewRoman(0)/m/n/12 telles que les GAFA - Google, Apple,
 []


Underfull \hbox (badness 2556) in paragraph at lines 116--117
\EU1/TimesNewRoman(0)/m/n/12 important. D’une part car ce sont des
 []


Underfull \hbox (badness 6725) in paragraph at lines 116--117
\EU1/TimesNewRoman(0)/m/n/12 qu’elles sont de véritables leaders et
 []


Underfull \hbox (badness 1496) in paragraph at lines 116--117
\EU1/TimesNewRoman(0)/m/n/12 aussi souligner que Amazon et Google
 []


Underfull \hbox (badness 10000) in paragraph at lines 116--117

 []

[7]
Underfull \hbox (badness 1127) in paragraph at lines 118--119
\EU1/TimesNewRoman(0)/m/n/12 grands acteurs de s’engager à avoir un
 []


Underfull \hbox (badness 1622) in paragraph at lines 118--119
\EU1/TimesNewRoman(0)/m/n/12 approvisionnement énergétique basé sur
 []


Underfull \hbox (badness 1552) in paragraph at lines 118--119
\EU1/TimesNewRoman(0)/m/n/12 tion de leur consommation en énergies
 []


Underfull \hbox (badness 10000) in paragraph at lines 118--119

 []

File: picture/tableauGreenpeace.png Graphic file (type QTm)
<use  "picture/tableauGreenpeace.png" >
Underfull \vbox (badness 10000) has occurred while \output is active []


Underfull \hbox (badness 3977) in paragraph at lines 128--129
[]\EU1/TimesNewRoman(0)/m/n/12 Voyons plus en détail les décisions
 []


Underfull \hbox (badness 3271) in paragraph at lines 128--129
\EU1/TimesNewRoman(0)/m/n/12 consommation énergétique. Leurs solu-
 []


Underfull \hbox (badness 10000) in paragraph at lines 128--129

 []


Underfull \hbox (badness 1502) in paragraph at lines 130--131
\EU1/TimesNewRoman(0)/m/n/12 par Google, Apple et Facebook. Apple
 []


Underfull \hbox (badness 1067) in paragraph at lines 130--131
\EU1/TimesNewRoman(0)/m/n/12 possède d’ailleurs la plus grande ferme
 []


Underfull \hbox (badness 1281) in paragraph at lines 130--131
\EU1/TimesNewRoman(0)/m/n/12 ce n’est pas suffisant car les panneaux
 []


Underfull \hbox (badness 1831) in paragraph at lines 130--131
\EU1/TimesNewRoman(0)/m/n/12 solaires sont intermittent, la production
 []


Underfull \hbox (badness 2573) in paragraph at lines 130--131
\EU1/TimesNewRoman(0)/m/n/12 ont lieu lors des journées ensoleillées,
 []


Underfull \hbox (badness 10000) in paragraph at lines 130--131
\EU1/TimesNewRoman(0)/m/n/12 une alimentation constante, de jours
 []


Underfull \hbox (badness 10000) in paragraph at lines 130--131

 []

[8]
Underfull \hbox (badness 1067) in paragraph at lines 132--133
\EU1/TimesNewRoman(0)/m/n/12 les grandes entreprises telles que Ama-
 []


Underfull \hbox (badness 10000) in paragraph at lines 136--137
[]\EU1/TimesNewRoman(0)/m/n/12 Comme nous l’expliquions un peu
 []


Underfull \hbox (badness 2057) in paragraph at lines 136--137
\EU1/TimesNewRoman(0)/m/n/12 de la part de certain géant de l’infor-
 []


Underfull \hbox (badness 1609) in paragraph at lines 136--137
\EU1/TimesNewRoman(0)/m/n/12 matique, nous constatons une inversion
 []


Underfull \hbox (badness 7397) in paragraph at lines 136--137
\EU1/TimesNewRoman(0)/m/n/12 de tendance. Nous pouvions ainsi le
 []


Underfull \hbox (badness 10000) in paragraph at lines 136--137
\EU1/TimesNewRoman(0)/m/n/12 consommation énergétique d’internet.
 []


Underfull \hbox (badness 1231) in paragraph at lines 136--137
\EU1/TimesNewRoman(0)/m/n/12 les autres entreprises, notamment celles
 []


Underfull \hbox (badness 1275) in paragraph at lines 136--137
\EU1/TimesNewRoman(0)/m/n/12 à internet, que ces régions développent
 []


Underfull \hbox (badness 10000) in paragraph at lines 136--137

 []


Underfull \hbox (badness 4608) in paragraph at lines 138--139
\EU1/TimesNewRoman(0)/m/n/12 adapter leur utilisation d’internet pour
 []


Underfull \hbox (badness 1122) in paragraph at lines 138--139
\EU1/TimesNewRoman(0)/m/n/12 des vidéos en trop haute définition par
 []


Underfull \hbox (badness 1939) in paragraph at lines 138--139
\EU1/TimesNewRoman(0)/m/n/12 du même fichier en haute qualité gra-
 []


Underfull \hbox (badness 3803) in paragraph at lines 138--139
\EU1/TimesNewRoman(0)/m/n/12 qui ne changeraient pas drastiquement
 []


Underfull \hbox (badness 10000) in paragraph at lines 138--139

 []


Underfull \vbox (badness 10000) has occurred while \output is active []

 [9]
Underfull \hbox (badness 1308) in paragraph at lines 140--141
\EU1/TimesNewRoman(0)/m/n/12 palier aux pannes. Cela permet certe à
 []


Underfull \hbox (badness 3492) in paragraph at lines 140--141
\EU1/TimesNewRoman(0)/m/n/12 données auprès des usagers mais cela
 []


Underfull \hbox (badness 3343) in paragraph at lines 140--141
\EU1/TimesNewRoman(0)/m/n/12 dû aux transferts sur le réseau car il
 []


Underfull \hbox (badness 10000) in paragraph at lines 140--141

 []


Underfull \hbox (badness 3758) in paragraph at lines 142--143
\EU1/TimesNewRoman(0)/m/n/12 par des scientifiques tel que Kris De
 []


Underfull \hbox (badness 1199) in paragraph at lines 142--143
\EU1/TimesNewRoman(0)/m/n/12 de limiter la consommation énergétique
 []


Underfull \hbox (badness 4927) in paragraph at lines 142--143
\EU1/TimesNewRoman(0)/m/n/12 d’internet serait de limiter sa vitesse,
 []


Underfull \hbox (badness 3039) in paragraph at lines 142--143
\EU1/TimesNewRoman(0)/m/n/12 de la consommation énergétique. Mais
 []


Underfull \hbox (badness 1127) in paragraph at lines 142--143
\EU1/TimesNewRoman(0)/m/n/12 payer plus cher pour avoir un meilleur
 []


Underfull \hbox (badness 1509) in paragraph at lines 142--143
\EU1/TimesNewRoman(0)/m/n/12 qui aura une connexion bridée ? Est-ce
 []


Underfull \hbox (badness 1303) in paragraph at lines 142--143
\EU1/TimesNewRoman(0)/m/n/12 que les FAI feront payer plus cher les
 []


Underfull \hbox (badness 10000) in paragraph at lines 142--143

 []


Underfull \vbox (badness 10000) has occurred while \output is active []


Underfull \hbox (badness 4967) in paragraph at lines 148--149
[]\EU1/TimesNewRoman(0)/m/n/12 Comme vous l’aurez compris, nous
 []


Underfull \hbox (badness 1348) in paragraph at lines 148--149
\EU1/TimesNewRoman(0)/m/n/12 actuelle d’internet est ahurissante et de
 []


Underfull \hbox (badness 2521) in paragraph at lines 148--149
\EU1/TimesNewRoman(0)/m/n/12 nombreux lanceurs d’alerte préviennent
 []


Underfull \hbox (badness 1072) in paragraph at lines 148--149
\EU1/TimesNewRoman(0)/m/n/12 nombre de progrès ont été fait, notam-
 []


Underfull \hbox (badness 2418) in paragraph at lines 148--149
\EU1/TimesNewRoman(0)/m/n/12 ment du côté des GAFA, qui essaient
 []


Underfull \hbox (badness 10000) in paragraph at lines 148--149

 []


Underfull \hbox (badness 10000) in paragraph at lines 150--151

 []

[10]
Underfull \hbox (badness 1112) in paragraph at lines 152--153
[]\EU1/TimesNewRoman(0)/m/n/12 Internet a été et est toujours un réel
 []


Underfull \hbox (badness 2005) in paragraph at lines 152--153
\EU1/TimesNewRoman(0)/m/n/12 au delà de la prise de conscience des
 []


Underfull \hbox (badness 10000) in paragraph at lines 152--153
\EU1/TimesNewRoman(0)/m/n/12 entreprises de l’internet, l’arrivé tant
 []


Underfull \hbox (badness 3930) in paragraph at lines 152--153
\EU1/TimesNewRoman(0)/m/n/12 promise des IoT (Internet of Things),
 []


Underfull \hbox (badness 5519) in paragraph at lines 152--153
\EU1/TimesNewRoman(0)/m/n/12 actuellement pour contrer la pollution
 []


Underfull \hbox (badness 7704) in paragraph at lines 152--153
\EU1/TimesNewRoman(0)/m/n/12 qui pourraient se retrouver connectée
 []


Underfull \hbox (badness 10000) in paragraph at lines 152--153

 []

(article_ethique.bbl
LaTeX Font Info:    Try loading font information for EU1+lmtt on input line 5.
 ("C:\Program Files\MiKTeX 2.9\tex\latex\euenc\eu1lmtt.fd"
File: eu1lmtt.fd 2009/10/30 v1.6 Font defs for Latin Modern
)
Requested font "[lmmono12-regular]" at 12.0pt
 -> C:/Program Files/MiKTeX 2.9/fonts/opentype/public/lm/lmmono12-regular.otf

Underfull \hbox (badness 10000) in paragraph at lines 4--6
[]\EU1/TimesNewRoman(0)/m/n/12 Colocation data centers.
 []


Underfull \hbox (badness 10000) in paragraph at lines 4--6
[][]$[][][][] [] [] [] [][][] [] [][][][][][][][][][][][][] []
 []


Underfull \hbox (badness 10000) in paragraph at lines 8--10
[]\EU1/TimesNewRoman(0)/m/n/12 Cryptocurrency market capitaliza-
 []


Underfull \hbox (badness 10000) in paragraph at lines 12--15
[] [] [][][] [] [][][][][][][][][][][][][][][][][][][] []
 []


Underfull \hbox (badness 10000) in paragraph at lines 12--15
[][][] [] [][][][] [][] [][][][][][] [][] [][][][] []
 []

Requested font "Times New Roman/I/OT:script=latn;language=DFLT;mapping=tex-text
;" at 12.0pt
 -> C:/Windows/Fonts/timesi.ttf

Underfull \hbox (badness 3158) in paragraph at lines 17--20
[]\EU1/TimesNewRoman(0)/m/n/12 Gartner estimates ict industry ac-
 []


Underfull \hbox (badness 10000) in paragraph at lines 22--24
[] [] [][][] [] [][][][][][] [] [][][] [] [][][][][] []
 []


Underfull \hbox (badness 10000) in paragraph at lines 30--34
[]\EU1/TimesNewRoman(0)/m/n/12 Il est temps de renouveler in-
 []


Underfull \hbox (badness 10000) in paragraph at lines 30--34
\EU1/TimesNewRoman(0)/m/n/12 ternet : L’énergie verte pour
 []


Underfull \hbox (badness 10000) in paragraph at lines 30--34
\EU1/TimesNewRoman(0)/m/n/12 le web 4.0.  \EU1/TimesNewRoman(0)/m/it/12 Greenpe
ace\EU1/TimesNewRoman(0)/m/n/12 .
 []


Underfull \hbox (badness 10000) in paragraph at lines 30--34
[][]$[][][][] [] [] [] [][][] [] [][][][][][][][][][] [] [][][] []
 []


Underfull \hbox (badness 10000) in paragraph at lines 30--34
[][][][][][][][][][] [] [][] [] [][][][] [] [][] [][] [][][] [][]
 []


Underfull \hbox (badness 10000) in paragraph at lines 36--39
[]\EU1/TimesNewRoman(0)/m/n/12 Le bitcoin consomme-t-il vrai-
 []


Underfull \hbox (badness 10000) in paragraph at lines 36--39
\EU1/TimesNewRoman(0)/m/n/12 ment plus d’électricité que
 []


Underfull \hbox (badness 10000) in paragraph at lines 36--39
\EU1/TimesNewRoman(0)/m/n/12 toute l’irlande ?  [][]$[][][][][] []
 []


Underfull \hbox (badness 10000) in paragraph at lines 36--39
[] [] [][][][][][][][] [] [][][][] [] [][][][][][][] []
 []


Underfull \hbox (badness 10000) in paragraph at lines 36--39
[][][][][][][][][][] [] [][][][][][][][] [] [][][][][][][] [][]
 []


Underfull \hbox (badness 3872) in paragraph at lines 41--45
[]\EU1/TimesNewRoman(0)/m/n/12 Le coût écologique d’internet est
 []


Underfull \hbox (badness 10000) in paragraph at lines 41--45
\EU1/TimesNewRoman(0)/m/n/12 astronomique et personne ne le
 []


Underfull \hbox (badness 10000) in paragraph at lines 41--45
[] [] [][][][][][][][][][][][][][][][] [] [][][] [] [][] [][]
 []


Underfull \hbox (badness 10000) in paragraph at lines 41--45
[][][][] [][] [][][][][][][][][][] [][] [][][][][][][][][] [][]
 []


Underfull \hbox (badness 1348) in paragraph at lines 47--53
\EU1/TimesNewRoman(0)/m/n/12 internet pour diminuer la consom-
 []


Underfull \hbox (badness 2828) in paragraph at lines 47--53
\EU1/TimesNewRoman(0)/m/n/12 mation d’énergie des box adsl et
 []


Underfull \hbox (badness 2521) in paragraph at lines 47--53
\EU1/TimesNewRoman(0)/m/n/12 comment pouvons nous agir pour
 []


Underfull \hbox (badness 10000) in paragraph at lines 47--53
[] [] [][][] [] [][][][][][][][][][][][][][][][] []
 []


Underfull \hbox (badness 10000) in paragraph at lines 47--53
[][][] [] [][][][] [] [][] [] [][][] [][] [][][][] [][] [][][] [][]
 []


Underfull \hbox (badness 10000) in paragraph at lines 47--53
[][][][][][][][][][][][] [][] [][][][][][] [][] [] [][]
 []


Underfull \hbox (badness 10000) in paragraph at lines 47--53
[][][][][][][][] [][] [][][][] [][] [][][][][][][][] [][]
 []


Underfull \hbox (badness 10000) in paragraph at lines 47--53
[][] [][] [][][][][][][][][][][][] [][] [][][][][][][][] [][]
 []


Underfull \hbox (badness 10000) in paragraph at lines 47--53
[][][] [][] [][][] [][] [][][][] [][] [][] [][] [][][][][][][] [][]
 []


Underfull \hbox (badness 10000) in paragraph at lines 47--53
[][][][][][][] [][] [][][][] [][] [][][][] [][] [][][][] [][]
 []


Underfull \hbox (badness 10000) in paragraph at lines 47--53
[][][][][][][] [][] [][] [][] [][][][][][][][][][][][] [][] [][] [][]
 []

[11]
Underfull \hbox (badness 3735) in paragraph at lines 58--63
[]\EU1/TimesNewRoman(0)/m/n/12 Louise Ascher.  Les centres de
 []


Underfull \hbox (badness 10000) in paragraph at lines 58--63
\EU1/TimesNewRoman(0)/m/n/12 données, grands pollueurs de
 []


Underfull \hbox (badness 10000) in paragraph at lines 58--63
\EU1/TimesNewRoman(0)/m/n/12 l’ère numérique ?  \EU1/TimesNewRoman(0)/m/it/12 W
avestone\EU1/TimesNewRoman(0)/m/n/12 .
 []


Underfull \hbox (badness 10000) in paragraph at lines 58--63
[][]$[][][][][] [] [] [] [][][] [] [][][][][][][][][][][][] [][]
 []


Underfull \hbox (badness 10000) in paragraph at lines 58--63
[][][][][][][][][] [] [][][] [] [][][][] [] [][] [] [][][][] [][]
 []


Underfull \hbox (badness 10000) in paragraph at lines 58--63
[][][][][][] [][] [][][][][][] [][] [][][][][][][][][] [][]
 []


Underfull \hbox (badness 7468) in paragraph at lines 65--70
[]\EU1/TimesNewRoman(0)/m/n/12 Gary Cook.  Clicking clean :
 []


Underfull \hbox (badness 10000) in paragraph at lines 65--70
\EU1/TimesNewRoman(0)/m/n/12 who is winning the race to
 []


Underfull \hbox (badness 10000) in paragraph at lines 65--70
\EU1/TimesNewRoman(0)/m/n/12 build a green internet ?, 2017.
 []


Underfull \hbox (badness 10000) in paragraph at lines 65--70
[][]$[][][][][] [] [] [] [][][] [] [][][][][][][][][][] [] [][] []
 []


Underfull \hbox (badness 10000) in paragraph at lines 65--70
[][][][][] [] [][][] [] [][][][][][][][][][] [] [][] []
 []


Underfull \hbox (badness 10000) in paragraph at lines 65--70
[][][][][] [] [][][][][][][][][][][][] [] [][][][][][][][] []
 []


Underfull \hbox (badness 10000) in paragraph at lines 65--70
[][][][][][][][][][] [] [][][][][][][][] [] [][][][][] []
 []


Underfull \hbox (badness 1852) in paragraph at lines 72--77
[]\EU1/TimesNewRoman(0)/m/n/12 Kris De Decker.  Why we need
 []


Underfull \hbox (badness 10000) in paragraph at lines 72--77
\EU1/TimesNewRoman(0)/m/n/12 a speed limit for the internet.
 []


Underfull \hbox (badness 10000) in paragraph at lines 72--77
\EU1/TimesNewRoman(0)/m/it/12 Low-Tech Magazine\EU1/TimesNewRoman(0)/m/n/12 .  
[][]$[][][][] []
 []


Underfull \hbox (badness 10000) in paragraph at lines 72--77
[] [] [][][] [] [][][][][][][][][][][][][][][] [] [][][] []
 []


Underfull \hbox (badness 10000) in paragraph at lines 72--77
[][][][] [] [][] [] [][][] [][] [][][] [][] [][][][][][][][] [][]
 []


Underfull \hbox (badness 1681) in paragraph at lines 79--83
[]\EU1/TimesNewRoman(0)/m/n/12 Jean-Paul Delahaye.  La dépense
 []


Underfull \hbox (badness 10000) in paragraph at lines 79--83
[][][][][][][] [][] [][][][][][][][][][] [][] [][][] [][]
 []


Underfull \hbox (badness 2961) in paragraph at lines 85--91
[]\EU1/TimesNewRoman(0)/m/n/12 Gaël Trouvé Félix Tréguer.  Le
 []


Underfull \hbox (badness 10000) in paragraph at lines 85--91
\EU1/TimesNewRoman(0)/m/n/12 coût écologique d’internet est
 []


Underfull \hbox (badness 10000) in paragraph at lines 85--91
\EU1/TimesNewRoman(0)/m/n/12 trop lourd, il faut penser un
 []


Underfull \hbox (badness 10000) in paragraph at lines 85--91
\EU1/TimesNewRoman(0)/m/n/12 internet low-tech.  \EU1/TimesNewRoman(0)/m/it/12 
Reporterre\EU1/TimesNewRoman(0)/m/n/12 .
 []


Underfull \hbox (badness 10000) in paragraph at lines 85--91
[][]$[][][][][] [] [] [] [][][][][][][][][][] [] [][][] [] [][] [][]
 []


Underfull \hbox (badness 10000) in paragraph at lines 85--91
[][][][] [][] [][][][][][][][][][] [][] [] [][] [][][][][][][][] [][]
 []


Underfull \hbox (badness 10000) in paragraph at lines 85--91
[][][] [][] [][][][] [][] [][][][][] [][] [][] [][] [][][][] [][]
 []


Underfull \hbox (badness 10000) in paragraph at lines 93--97
[][][][] [] [][] [] [][][][][][][] [] [][] [][] [][][] [][] [][][][] [][]
 []


Underfull \hbox (badness 10000) in paragraph at lines 99--104
[]\EU1/TimesNewRoman(0)/m/n/12 Théophile Laherre.  Internet :
 []


Underfull \hbox (badness 4608) in paragraph at lines 99--104
\EU1/TimesNewRoman(0)/m/n/12 le plus gros pollueur de la pla-
 []


Underfull \hbox (badness 2913) in paragraph at lines 99--104
\EU1/TimesNewRoman(0)/m/n/12 nète ?  \EU1/TimesNewRoman(0)/m/it/12 Fournisseur 
Energie.com\EU1/TimesNewRoman(0)/m/n/12 .
 []


Underfull \hbox (badness 10000) in paragraph at lines 99--104
[][]$[][][][][] [] [] [] [][][] [] [][][][][][][][][][][] [][]
 []


Underfull \hbox (badness 10000) in paragraph at lines 99--104
[][][][][][][] [] [][][] [] [][][][][][][][] [][] [][][][] [][]
 []


Underfull \hbox (badness 10000) in paragraph at lines 106--111
[]\EU1/TimesNewRoman(0)/m/n/12 Anders Andrae Peter Cor-
 []


Underfull \hbox (badness 10000) in paragraph at lines 106--111
\EU1/TimesNewRoman(0)/m/n/12 coran.  Emerging trends in
 []


Underfull \hbox (badness 10000) in paragraph at lines 106--111
\EU1/TimesNewRoman(0)/m/n/12 electricity consumption for
 []


Underfull \hbox (badness 10000) in paragraph at lines 106--111
\EU1/TimesNewRoman(0)/m/n/12 consumer ict.  pages 46, 48.
 []


Underfull \hbox (badness 10000) in paragraph at lines 106--111
[][]$[][][][][] [] [] [] [][][][][][][][] [] [][][] [] [][] [] [][] [][]
 []


Underfull \hbox (badness 10000) in paragraph at lines 106--111
[][][][][][][] [] [][][][][][][] [] [][][][][] [] [][] []
 []


Underfull \hbox (badness 10000) in paragraph at lines 106--111
[][][][] [] [][] [] [][][][][][][][] [][] [][][][][][] [][] [][] [][]
 []


Underfull \hbox (badness 10000) in paragraph at lines 106--111
[][][][][][][][][][][] [][] [][][][][][][][][][][] [][] [][][] [][]
 []


Underfull \hbox (badness 2573) in paragraph at lines 113--119
[]\EU1/TimesNewRoman(0)/m/n/12 Sarah Sermondadaz.  La crypto-
 []


Underfull \hbox (badness 10000) in paragraph at lines 113--119
\EU1/TimesNewRoman(0)/m/n/12 monnaie bitcoin consomme plus
 []


Underfull \hbox (badness 10000) in paragraph at lines 113--119
[] [] [][][] [] [][][][][][][][][][][][][][][][] [] [][] []
 []


Underfull \hbox (badness 10000) in paragraph at lines 113--119
[][][][] [][] [][][][] [] [][] [][] [][][][][][] [][] [][][][][][][] [][]
 []


Underfull \hbox (badness 10000) in paragraph at lines 113--119
[][][][][][][] [][] [][][][][][][][] [][] [][][][] [][] [] [][]
 []


Underfull \hbox (badness 10000) in paragraph at lines 113--119
[][][][][][][][][][][] [][] [][][] [][] [][][] [][] [][][][][] [][]
 []


Underfull \hbox (badness 10000) in paragraph at lines 121--126
[]\EU1/TimesNewRoman(0)/m/n/12 Tania Séverin.  Un datacenter
 []


Underfull \hbox (badness 4913) in paragraph at lines 121--126
\EU1/TimesNewRoman(0)/m/n/12 google refroidi à l’air finlandais.
 []


Underfull \hbox (badness 1430) in paragraph at lines 121--126
\EU1/TimesNewRoman(0)/m/it/12 Le Monde informatique\EU1/TimesNewRoman(0)/m/n/12
 .  [][]$[][][][][] []
 []


Underfull \hbox (badness 10000) in paragraph at lines 121--126
[] [] [][][] [] [][][][][][][][][][][][][][][][][][][] []
 []


Underfull \hbox (badness 10000) in paragraph at lines 121--126
[][] [] [][][][][][][][][][] [] [][][][] [][] [][] [][]
 []


Underfull \hbox (badness 10000) in paragraph at lines 121--126
[][][][][][][][][][] [][] [][][][][][] [][] [][][][][][][][] [][]
 []


Underfull \hbox (badness 10000) in paragraph at lines 121--126
[] [][] [] [][] [][][] [][] [][][][][][][][][][] [][]
 []

[12]
Underfull \hbox (badness 1210) in paragraph at lines 128--133
[]\EU1/TimesNewRoman(0)/m/n/12 Marc Zaffagni.  Google en passe
 []


Underfull \hbox (badness 10000) in paragraph at lines 128--133
\EU1/TimesNewRoman(0)/m/n/12 d’utiliser 100 % d’énergies re-
 []


Underfull \hbox (badness 10000) in paragraph at lines 128--133
\EU1/TimesNewRoman(0)/m/n/12 nouvelables.  \EU1/TimesNewRoman(0)/m/it/12 Futura
 Planète\EU1/TimesNewRoman(0)/m/n/12 .
 []


Underfull \hbox (badness 10000) in paragraph at lines 128--133
[][]$[][][][][] [] [] [] [][][] [] [][][][][][] [][] [][][][][][][][] []
 []


Underfull \hbox (badness 10000) in paragraph at lines 128--133
[][][] [] [][][][][][][] [] [][][][][][][][][][] []
 []


Underfull \hbox (badness 10000) in paragraph at lines 128--133
[][][][][][][] [][] [][][][][][][][][][][][] [][] [][][][][][] [][]
 []


Underfull \hbox (badness 10000) in paragraph at lines 128--133
[][][][][] [][] [][][][][][][][] [][] [][][] [][] [][][][][][][][] [][]
 []

)
Package atveryend Info: Empty hook `BeforeClearDocument' on input line 159.
 [13

]
Package atveryend Info: Empty hook `AfterLastShipout' on input line 159.
 (article_ethique.aux)
Package atveryend Info: Empty hook `AtVeryEndDocument' on input line 159.
Package atveryend Info: Empty hook `AtEndAfterFileList' on input line 159.
Package atveryend Info: Empty hook `AtVeryVeryEnd' on input line 159.
 ) 
Here is how much of TeX's memory you used:
 23474 strings out of 428721
 427274 string characters out of 3164046
 480967 words of memory out of 3000000
 26681 multiletter control sequences out of 15000+200000
 8637 words of font info for 56 fonts, out of 3000000 for 9000
 1096 hyphenation exceptions out of 8191
 47i,14n,61p,10464b,499s stack positions out of 5000i,500n,10000p,200000b,50000s

Output written on article_ethique.pdf (13 pages).
